<?xml version="1.0" encoding="UTF-8"?>
<testng-results skipped="0" failed="0" total="3" passed="3">
  <reporter-output>
  </reporter-output>
  <suite name="Default suite" duration-ms="4651" started-at="2021-03-07T06:53:32Z" finished-at="2021-03-07T06:53:37Z">
    <groups>
    </groups>
    <test name="Default test" duration-ms="4651" started-at="2021-03-07T06:53:32Z" finished-at="2021-03-07T06:53:37Z">
      <class name="tests.PutPatchDeleteExamples">
        <test-method status="PASS" signature="deleteTest()[pri:0, instance:tests.PutPatchDeleteExamples@d2cc05a]" name="deleteTest" duration-ms="2886" started-at="2021-03-07T12:23:32Z" finished-at="2021-03-07T12:23:35Z">
          <reporter-output>
          </reporter-output>
        </test-method> <!-- deleteTest -->
        <test-method status="PASS" signature="patchTest()[pri:0, instance:tests.PutPatchDeleteExamples@d2cc05a]" name="patchTest" duration-ms="901" started-at="2021-03-07T12:23:35Z" finished-at="2021-03-07T12:23:36Z">
          <reporter-output>
          </reporter-output>
        </test-method> <!-- patchTest -->
        <test-method status="PASS" signature="putTest()[pri:0, instance:tests.PutPatchDeleteExamples@d2cc05a]" name="putTest" duration-ms="844" started-at="2021-03-07T12:23:36Z" finished-at="2021-03-07T12:23:37Z">
          <reporter-output>
          </reporter-output>
        </test-method> <!-- putTest -->
      </class> <!-- tests.PutPatchDeleteExamples -->
    </test> <!-- Default test -->
  </suite> <!-- Default suite -->
</testng-results>
