<?xml version="1.0" encoding="UTF-8"?>
<!-- Generated by org.testng.reporters.JUnitXMLReporter -->
<testsuite hostname="USL-L-SrinivasK" name="Default test" tests="3" failures="0" timestamp="7 Mar 2021 06:53:37 GMT" time="4.651" errors="0">
  <testcase name="deleteTest" time="2.886" classname="tests.PutPatchDeleteExamples"/>
  <testcase name="patchTest" time="0.901" classname="tests.PutPatchDeleteExamples"/>
  <testcase name="putTest" time="0.844" classname="tests.PutPatchDeleteExamples"/>
</testsuite> <!-- Default test -->
